<?xml version="1.0" encoding="UTF-8"?>
<!-- Generated by org.testng.reporters.JUnitReportReporter -->
<testsuite hostname="DESKTOP-J7DNQ9P" failures="0" tests="2" name="Day2.DiffWaysToCreatePostRequestBody" time="6.155" errors="0" timestamp="2023-10-31T16:34:26 IST" skipped="0">
  <testcase classname="Day2.DiffWaysToCreatePostRequestBody" name="testJsonExternalFile" time="5.958"/>
  <testcase classname="Day2.DiffWaysToCreatePostRequestBody" name="deleteUser" time="0.197"/>
</testsuite> <!-- Day2.DiffWaysToCreatePostRequestBody -->
