<?xml version="1.0" encoding="UTF-8"?>
<!-- Generated by org.testng.reporters.JUnitReportReporter -->
<testsuite hostname="DESKTOP-J7DNQ9P" failures="0" tests="4" name="Day1.HttpRequests" time="5.509" errors="0" timestamp="2023-10-30T22:01:29 IST" skipped="0">
  <testcase classname="Day1.HttpRequests" name="getUser" time="3.621"/>
  <testcase classname="Day1.HttpRequests" name="createUser" time="1.143"/>
  <testcase classname="Day1.HttpRequests" name="updateUser" time="0.377"/>
  <testcase classname="Day1.HttpRequests" name="deleteUser" time="0.368"/>
</testsuite> <!-- Day1.HttpRequests -->
